app/build/intermediates/manifest_merge_blame_file/release/manifest-merger-blame-release-report.txt
1<?xml version="1.0" encoding="utf-8"?>
2<manifest xmlns:android="http://schemas.android.com/apk/res/android"
3    package="com.example.callguardian"
4    android:versionCode="1"
5    android:versionName="1.0.0" >
6
7    <uses-sdk
8        android:minSdkVersion="29"
9        android:targetSdkVersion="34" />
10
11    <uses-permission android:name="android.permission.INTERNET" />
11-->src/main/AndroidManifest.xml:4:5-67
11-->src/main/AndroidManifest.xml:4:22-64
12    <uses-permission android:name="android.permission.POST_NOTIFICATIONS" />
12-->src/main/AndroidManifest.xml:5:5-77
12-->src/main/AndroidManifest.xml:5:22-74
13    <uses-permission android:name="android.permission.READ_CALL_LOG" />
13-->src/main/AndroidManifest.xml:6:5-72
13-->src/main/AndroidManifest.xml:6:22-69
14    <uses-permission android:name="android.permission.READ_PHONE_STATE" />
14-->src/main/AndroidManifest.xml:7:5-75
14-->src/main/AndroidManifest.xml:7:22-72
15    <uses-permission android:name="android.permission.ANSWER_PHONE_CALLS" />
15-->src/main/AndroidManifest.xml:8:5-77
15-->src/main/AndroidManifest.xml:8:22-74
16    <uses-permission android:name="android.permission.READ_CONTACTS" />
16-->src/main/AndroidManifest.xml:9:5-72
16-->src/main/AndroidManifest.xml:9:22-69
17    <uses-permission android:name="android.permission.WRITE_CONTACTS" />
17-->src/main/AndroidManifest.xml:10:5-73
17-->src/main/AndroidManifest.xml:10:22-70
18    <uses-permission android:name="android.permission.RECEIVE_SMS" />
18-->src/main/AndroidManifest.xml:11:5-70
18-->src/main/AndroidManifest.xml:11:22-67
19    <uses-permission android:name="android.permission.READ_SMS" />
19-->src/main/AndroidManifest.xml:12:5-67
19-->src/main/AndroidManifest.xml:12:22-64
20    <uses-permission android:name="android.permission.SEND_SMS" />
20-->src/main/AndroidManifest.xml:13:5-67
20-->src/main/AndroidManifest.xml:13:22-64
21    <uses-permission android:name="android.permission.RECEIVE_MMS" />
21-->src/main/AndroidManifest.xml:14:5-70
21-->src/main/AndroidManifest.xml:14:22-67
22    <uses-permission android:name="android.permission.RECEIVE_WAP_PUSH" />
22-->src/main/AndroidManifest.xml:15:5-75
22-->src/main/AndroidManifest.xml:15:22-72
23
24    <uses-feature
24-->src/main/AndroidManifest.xml:17:5-19:35
25        android:name="android.hardware.telephony"
25-->src/main/AndroidManifest.xml:18:9-50
26        android:required="true" />
26-->src/main/AndroidManifest.xml:19:9-32
27    <!-- Although the *SdkVersion is captured in gradle build files, this is required for non gradle builds -->
28    <!-- <uses-sdk android:minSdkVersion="21"/> -->
29    <uses-permission android:name="android.permission.ACCESS_NETWORK_STATE" />
29-->[com.google.firebase:firebase-vertexai:16.0.0-beta03] AndroidManifest.xml:22:5-79
29-->[com.google.firebase:firebase-vertexai:16.0.0-beta03] AndroidManifest.xml:22:22-76
30    <uses-permission android:name="android.permission.WAKE_LOCK" />
30-->[androidx.work:work-runtime:2.9.0] AndroidManifest.xml:23:5-68
30-->[androidx.work:work-runtime:2.9.0] AndroidManifest.xml:23:22-65
31    <uses-permission android:name="android.permission.RECEIVE_BOOT_COMPLETED" />
31-->[androidx.work:work-runtime:2.9.0] AndroidManifest.xml:25:5-81
31-->[androidx.work:work-runtime:2.9.0] AndroidManifest.xml:25:22-78
32    <uses-permission android:name="android.permission.FOREGROUND_SERVICE" />
32-->[androidx.work:work-runtime:2.9.0] AndroidManifest.xml:26:5-77
32-->[androidx.work:work-runtime:2.9.0] AndroidManifest.xml:26:22-74
33
34    <permission
34-->[androidx.core:core:1.12.0] AndroidManifest.xml:22:5-24:47
35        android:name="com.example.callguardian.DYNAMIC_RECEIVER_NOT_EXPORTED_PERMISSION"
35-->[androidx.core:core:1.12.0] AndroidManifest.xml:23:9-81
36        android:protectionLevel="signature" />
36-->[androidx.core:core:1.12.0] AndroidManifest.xml:24:9-44
37
38    <uses-permission android:name="com.example.callguardian.DYNAMIC_RECEIVER_NOT_EXPORTED_PERMISSION" />
38-->[androidx.core:core:1.12.0] AndroidManifest.xml:26:5-97
38-->[androidx.core:core:1.12.0] AndroidManifest.xml:26:22-94
39
40    <application
40-->src/main/AndroidManifest.xml:21:5-73:19
41        android:name="com.example.callguardian.CallGuardianApplication"
41-->src/main/AndroidManifest.xml:22:9-48
42        android:allowBackup="true"
42-->src/main/AndroidManifest.xml:23:9-35
43        android:appComponentFactory="androidx.core.app.CoreComponentFactory"
43-->[androidx.core:core:1.12.0] AndroidManifest.xml:28:18-86
44        android:dataExtractionRules="@xml/data_extraction_rules"
44-->src/main/AndroidManifest.xml:24:9-65
45        android:extractNativeLibs="false"
46        android:fullBackupContent="@xml/backup_rules"
46-->src/main/AndroidManifest.xml:25:9-54
47        android:icon="@mipmap/ic_launcher"
47-->src/main/AndroidManifest.xml:26:9-43
48        android:label="@string/app_name"
48-->src/main/AndroidManifest.xml:27:9-41
49        android:roundIcon="@mipmap/ic_launcher_round"
49-->src/main/AndroidManifest.xml:28:9-54
50        android:supportsRtl="true"
50-->src/main/AndroidManifest.xml:29:9-35
51        android:theme="@style/Theme.CallGuardian" >
51-->src/main/AndroidManifest.xml:30:9-50
52        <service
52-->src/main/AndroidManifest.xml:32:9-40:19
53            android:name="com.example.callguardian.service.CallGuardianCallScreeningService"
53-->src/main/AndroidManifest.xml:33:13-69
54            android:exported="true"
54-->src/main/AndroidManifest.xml:34:13-36
55            android:foregroundServiceType="dataSync"
55-->src/main/AndroidManifest.xml:35:13-53
56            android:permission="android.permission.BIND_SCREENING_SERVICE" >
56-->src/main/AndroidManifest.xml:36:13-75
57            <intent-filter>
57-->src/main/AndroidManifest.xml:37:13-39:29
58                <action android:name="android.telecom.CallScreeningService" />
58-->src/main/AndroidManifest.xml:38:17-79
58-->src/main/AndroidManifest.xml:38:25-76
59            </intent-filter>
60        </service>
61
62        <receiver
62-->src/main/AndroidManifest.xml:42:9-52:20
63            android:name="com.example.callguardian.sms.SmsReceiver"
63-->src/main/AndroidManifest.xml:43:13-44
64            android:enabled="true"
64-->src/main/AndroidManifest.xml:44:13-35
65            android:exported="true"
65-->src/main/AndroidManifest.xml:45:13-36
66            android:permission="android.permission.BROADCAST_SMS" >
66-->src/main/AndroidManifest.xml:46:13-66
67            <intent-filter android:priority="999" >
67-->src/main/AndroidManifest.xml:47:13-51:29
67-->src/main/AndroidManifest.xml:47:28-50
68                <action android:name="android.provider.Telephony.SMS_DELIVER" />
68-->src/main/AndroidManifest.xml:48:17-81
68-->src/main/AndroidManifest.xml:48:25-78
69                <action android:name="android.provider.Telephony.WAP_PUSH_DELIVER" />
69-->src/main/AndroidManifest.xml:49:17-86
69-->src/main/AndroidManifest.xml:49:25-83
70                <action android:name="android.provider.Telephony.SMS_RECEIVED" />
70-->src/main/AndroidManifest.xml:50:17-82
70-->src/main/AndroidManifest.xml:50:25-79
71            </intent-filter>
72        </receiver>
73        <receiver
73-->src/main/AndroidManifest.xml:54:9-56:40
74            android:name="com.example.callguardian.notifications.NotificationActionReceiver"
74-->src/main/AndroidManifest.xml:55:13-69
75            android:exported="false" />
75-->src/main/AndroidManifest.xml:56:13-37
76
77        <activity
77-->src/main/AndroidManifest.xml:58:9-72:20
78            android:name="com.example.callguardian.MainActivity"
78-->src/main/AndroidManifest.xml:59:13-41
79            android:exported="true"
79-->src/main/AndroidManifest.xml:60:13-36
80            android:launchMode="singleTop"
80-->src/main/AndroidManifest.xml:61:13-43
81            android:theme="@style/Theme.CallGuardian" >
81-->src/main/AndroidManifest.xml:62:13-54
82            <intent-filter>
82-->src/main/AndroidManifest.xml:63:13-66:29
83                <action android:name="android.intent.action.MAIN" />
83-->src/main/AndroidManifest.xml:64:17-69
83-->src/main/AndroidManifest.xml:64:25-66
84
85                <category android:name="android.intent.category.LAUNCHER" />
85-->src/main/AndroidManifest.xml:65:17-77
85-->src/main/AndroidManifest.xml:65:27-74
86            </intent-filter>
87            <intent-filter>
87-->src/main/AndroidManifest.xml:68:13-71:29
88                <action android:name="android.intent.action.DIAL" />
88-->src/main/AndroidManifest.xml:69:17-69
88-->src/main/AndroidManifest.xml:69:25-66
89
90                <category android:name="android.intent.category.DEFAULT" />
90-->src/main/AndroidManifest.xml:70:17-76
90-->src/main/AndroidManifest.xml:70:27-73
91            </intent-filter>
92        </activity>
93
94        <service
94-->[com.google.firebase:firebase-vertexai:16.0.0-beta03] AndroidManifest.xml:26:9-32:19
95            android:name="com.google.firebase.components.ComponentDiscoveryService"
95-->[com.google.firebase:firebase-vertexai:16.0.0-beta03] AndroidManifest.xml:27:13-84
96            android:directBootAware="true"
96-->[com.google.firebase:firebase-common:22.0.1] AndroidManifest.xml:32:13-43
97            android:exported="false" >
97-->[com.google.firebase:firebase-vertexai:16.0.0-beta03] AndroidManifest.xml:28:13-37
98            <meta-data
98-->[com.google.firebase:firebase-vertexai:16.0.0-beta03] AndroidManifest.xml:29:13-31:85
99                android:name="com.google.firebase.components:com.google.firebase.vertexai.FirebaseVertexAIRegistrar"
99-->[com.google.firebase:firebase-vertexai:16.0.0-beta03] AndroidManifest.xml:30:17-117
100                android:value="com.google.firebase.components.ComponentRegistrar" />
100-->[com.google.firebase:firebase-vertexai:16.0.0-beta03] AndroidManifest.xml:31:17-82
101            <meta-data
101-->[com.google.firebase:firebase-common:22.0.1] AndroidManifest.xml:35:13-37:85
102                android:name="com.google.firebase.components:com.google.firebase.FirebaseCommonKtxRegistrar"
102-->[com.google.firebase:firebase-common:22.0.1] AndroidManifest.xml:36:17-109
103                android:value="com.google.firebase.components.ComponentRegistrar" />
103-->[com.google.firebase:firebase-common:22.0.1] AndroidManifest.xml:37:17-82
104        </service>
105
106        <activity
106-->[com.google.android.gms:play-services-base:18.0.1] AndroidManifest.xml:20:9-22:45
107            android:name="com.google.android.gms.common.api.GoogleApiActivity"
107-->[com.google.android.gms:play-services-base:18.0.1] AndroidManifest.xml:20:19-85
108            android:exported="false"
108-->[com.google.android.gms:play-services-base:18.0.1] AndroidManifest.xml:22:19-43
109            android:theme="@android:style/Theme.Translucent.NoTitleBar" />
109-->[com.google.android.gms:play-services-base:18.0.1] AndroidManifest.xml:21:19-78
110
111        <provider
111-->[com.google.firebase:firebase-common:22.0.1] AndroidManifest.xml:23:9-28:39
112            android:name="com.google.firebase.provider.FirebaseInitProvider"
112-->[com.google.firebase:firebase-common:22.0.1] AndroidManifest.xml:24:13-77
113            android:authorities="com.example.callguardian.firebaseinitprovider"
113-->[com.google.firebase:firebase-common:22.0.1] AndroidManifest.xml:25:13-72
114            android:directBootAware="true"
114-->[com.google.firebase:firebase-common:22.0.1] AndroidManifest.xml:26:13-43
115            android:exported="false"
115-->[com.google.firebase:firebase-common:22.0.1] AndroidManifest.xml:27:13-37
116            android:initOrder="100" />
116-->[com.google.firebase:firebase-common:22.0.1] AndroidManifest.xml:28:13-36
117
118        <service
118-->[androidx.room:room-runtime:2.6.1] AndroidManifest.xml:24:9-28:63
119            android:name="androidx.room.MultiInstanceInvalidationService"
119-->[androidx.room:room-runtime:2.6.1] AndroidManifest.xml:25:13-74
120            android:directBootAware="true"
120-->[androidx.room:room-runtime:2.6.1] AndroidManifest.xml:26:13-43
121            android:exported="false" />
121-->[androidx.room:room-runtime:2.6.1] AndroidManifest.xml:27:13-37
122
123        <provider
123-->[androidx.work:work-runtime:2.9.0] AndroidManifest.xml:29:9-37:20
124            android:name="androidx.startup.InitializationProvider"
124-->[androidx.work:work-runtime:2.9.0] AndroidManifest.xml:30:13-67
125            android:authorities="com.example.callguardian.androidx-startup"
125-->[androidx.work:work-runtime:2.9.0] AndroidManifest.xml:31:13-68
126            android:exported="false" >
126-->[androidx.work:work-runtime:2.9.0] AndroidManifest.xml:32:13-37
127            <meta-data
127-->[androidx.work:work-runtime:2.9.0] AndroidManifest.xml:34:13-36:52
128                android:name="androidx.work.WorkManagerInitializer"
128-->[androidx.work:work-runtime:2.9.0] AndroidManifest.xml:35:17-68
129                android:value="androidx.startup" />
129-->[androidx.work:work-runtime:2.9.0] AndroidManifest.xml:36:17-49
130            <meta-data
130-->[androidx.emoji2:emoji2:1.3.0] AndroidManifest.xml:29:13-31:52
131                android:name="androidx.emoji2.text.EmojiCompatInitializer"
131-->[androidx.emoji2:emoji2:1.3.0] AndroidManifest.xml:30:17-75
132                android:value="androidx.startup" />
132-->[androidx.emoji2:emoji2:1.3.0] AndroidManifest.xml:31:17-49
133            <meta-data
133-->[androidx.lifecycle:lifecycle-process:2.6.2] AndroidManifest.xml:29:13-31:52
134                android:name="androidx.lifecycle.ProcessLifecycleInitializer"
134-->[androidx.lifecycle:lifecycle-process:2.6.2] AndroidManifest.xml:30:17-78
135                android:value="androidx.startup" />
135-->[androidx.lifecycle:lifecycle-process:2.6.2] AndroidManifest.xml:31:17-49
136            <meta-data
136-->[androidx.profileinstaller:profileinstaller:1.3.0] AndroidManifest.xml:29:13-31:52
137                android:name="androidx.profileinstaller.ProfileInstallerInitializer"
137-->[androidx.profileinstaller:profileinstaller:1.3.0] AndroidManifest.xml:30:17-85
138                android:value="androidx.startup" />
138-->[androidx.profileinstaller:profileinstaller:1.3.0] AndroidManifest.xml:31:17-49
139        </provider>
140
141        <service
141-->[androidx.work:work-runtime:2.9.0] AndroidManifest.xml:39:9-45:35
142            android:name="androidx.work.impl.background.systemalarm.SystemAlarmService"
142-->[androidx.work:work-runtime:2.9.0] AndroidManifest.xml:40:13-88
143            android:directBootAware="false"
143-->[androidx.work:work-runtime:2.9.0] AndroidManifest.xml:41:13-44
144            android:enabled="@bool/enable_system_alarm_service_default"
144-->[androidx.work:work-runtime:2.9.0] AndroidManifest.xml:42:13-72
145            android:exported="false" />
145-->[androidx.work:work-runtime:2.9.0] AndroidManifest.xml:43:13-37
146        <service
146-->[androidx.work:work-runtime:2.9.0] AndroidManifest.xml:46:9-52:35
147            android:name="androidx.work.impl.background.systemjob.SystemJobService"
147-->[androidx.work:work-runtime:2.9.0] AndroidManifest.xml:47:13-84
148            android:directBootAware="false"
148-->[androidx.work:work-runtime:2.9.0] AndroidManifest.xml:48:13-44
149            android:enabled="@bool/enable_system_job_service_default"
149-->[androidx.work:work-runtime:2.9.0] AndroidManifest.xml:49:13-70
150            android:exported="true"
150-->[androidx.work:work-runtime:2.9.0] AndroidManifest.xml:50:13-36
151            android:permission="android.permission.BIND_JOB_SERVICE" />
151-->[androidx.work:work-runtime:2.9.0] AndroidManifest.xml:51:13-69
152        <service
152-->[androidx.work:work-runtime:2.9.0] AndroidManifest.xml:53:9-59:35
153            android:name="androidx.work.impl.foreground.SystemForegroundService"
153-->[androidx.work:work-runtime:2.9.0] AndroidManifest.xml:54:13-81
154            android:directBootAware="false"
154-->[androidx.work:work-runtime:2.9.0] AndroidManifest.xml:55:13-44
155            android:enabled="@bool/enable_system_foreground_service_default"
155-->[androidx.work:work-runtime:2.9.0] AndroidManifest.xml:56:13-77
156            android:exported="false" />
156-->[androidx.work:work-runtime:2.9.0] AndroidManifest.xml:57:13-37
157
158        <receiver
158-->[androidx.work:work-runtime:2.9.0] AndroidManifest.xml:61:9-66:35
159            android:name="androidx.work.impl.utils.ForceStopRunnable$BroadcastReceiver"
159-->[androidx.work:work-runtime:2.9.0] AndroidManifest.xml:62:13-88
160            android:directBootAware="false"
160-->[androidx.work:work-runtime:2.9.0] AndroidManifest.xml:63:13-44
161            android:enabled="true"
161-->[androidx.work:work-runtime:2.9.0] AndroidManifest.xml:64:13-35
162            android:exported="false" />
162-->[androidx.work:work-runtime:2.9.0] AndroidManifest.xml:65:13-37
163        <receiver
163-->[androidx.work:work-runtime:2.9.0] AndroidManifest.xml:67:9-77:20
164            android:name="androidx.work.impl.background.systemalarm.ConstraintProxy$BatteryChargingProxy"
164-->[androidx.work:work-runtime:2.9.0] AndroidManifest.xml:68:13-106
165            android:directBootAware="false"
165-->[androidx.work:work-runtime:2.9.0] AndroidManifest.xml:69:13-44
166            android:enabled="false"
166-->[androidx.work:work-runtime:2.9.0] AndroidManifest.xml:70:13-36
167            android:exported="false" >
167-->[androidx.work:work-runtime:2.9.0] AndroidManifest.xml:71:13-37
168            <intent-filter>
168-->[androidx.work:work-runtime:2.9.0] AndroidManifest.xml:73:13-76:29
169                <action android:name="android.intent.action.ACTION_POWER_CONNECTED" />
169-->[androidx.work:work-runtime:2.9.0] AndroidManifest.xml:74:17-87
169-->[androidx.work:work-runtime:2.9.0] AndroidManifest.xml:74:25-84
170                <action android:name="android.intent.action.ACTION_POWER_DISCONNECTED" />
170-->[androidx.work:work-runtime:2.9.0] AndroidManifest.xml:75:17-90
170-->[androidx.work:work-runtime:2.9.0] AndroidManifest.xml:75:25-87
171            </intent-filter>
172        </receiver>
173        <receiver
173-->[androidx.work:work-runtime:2.9.0] AndroidManifest.xml:78:9-88:20
174            android:name="androidx.work.impl.background.systemalarm.ConstraintProxy$BatteryNotLowProxy"
174-->[androidx.work:work-runtime:2.9.0] AndroidManifest.xml:79:13-104
175            android:directBootAware="false"
175-->[androidx.work:work-runtime:2.9.0] AndroidManifest.xml:80:13-44
176            android:enabled="false"
176-->[androidx.work:work-runtime:2.9.0] AndroidManifest.xml:81:13-36
177            android:exported="false" >
177-->[androidx.work:work-runtime:2.9.0] AndroidManifest.xml:82:13-37
178            <intent-filter>
178-->[androidx.work:work-runtime:2.9.0] AndroidManifest.xml:84:13-87:29
179                <action android:name="android.intent.action.BATTERY_OKAY" />
179-->[androidx.work:work-runtime:2.9.0] AndroidManifest.xml:85:17-77
179-->[androidx.work:work-runtime:2.9.0] AndroidManifest.xml:85:25-74
180                <action android:name="android.intent.action.BATTERY_LOW" />
180-->[androidx.work:work-runtime:2.9.0] AndroidManifest.xml:86:17-76
180-->[androidx.work:work-runtime:2.9.0] AndroidManifest.xml:86:25-73
181            </intent-filter>
182        </receiver>
183        <receiver
183-->[androidx.work:work-runtime:2.9.0] AndroidManifest.xml:89:9-99:20
184            android:name="androidx.work.impl.background.systemalarm.ConstraintProxy$StorageNotLowProxy"
184-->[androidx.work:work-runtime:2.9.0] AndroidManifest.xml:90:13-104
185            android:directBootAware="false"
185-->[androidx.work:work-runtime:2.9.0] AndroidManifest.xml:91:13-44
186            android:enabled="false"
186-->[androidx.work:work-runtime:2.9.0] AndroidManifest.xml:92:13-36
187            android:exported="false" >
187-->[androidx.work:work-runtime:2.9.0] AndroidManifest.xml:93:13-37
188            <intent-filter>
188-->[androidx.work:work-runtime:2.9.0] AndroidManifest.xml:95:13-98:29
189                <action android:name="android.intent.action.DEVICE_STORAGE_LOW" />
189-->[androidx.work:work-runtime:2.9.0] AndroidManifest.xml:96:17-83
189-->[androidx.work:work-runtime:2.9.0] AndroidManifest.xml:96:25-80
190                <action android:name="android.intent.action.DEVICE_STORAGE_OK" />
190-->[androidx.work:work-runtime:2.9.0] AndroidManifest.xml:97:17-82
190-->[androidx.work:work-runtime:2.9.0] AndroidManifest.xml:97:25-79
191            </intent-filter>
192        </receiver>
193        <receiver
193-->[androidx.work:work-runtime:2.9.0] AndroidManifest.xml:100:9-109:20
194            android:name="androidx.work.impl.background.systemalarm.ConstraintProxy$NetworkStateProxy"
194-->[androidx.work:work-runtime:2.9.0] AndroidManifest.xml:101:13-103
195            android:directBootAware="false"
195-->[androidx.work:work-runtime:2.9.0] AndroidManifest.xml:102:13-44
196            android:enabled="false"
196-->[androidx.work:work-runtime:2.9.0] AndroidManifest.xml:103:13-36
197            android:exported="false" >
197-->[androidx.work:work-runtime:2.9.0] AndroidManifest.xml:104:13-37
198            <intent-filter>
198-->[androidx.work:work-runtime:2.9.0] AndroidManifest.xml:106:13-108:29
199                <action android:name="android.net.conn.CONNECTIVITY_CHANGE" />
199-->[androidx.work:work-runtime:2.9.0] AndroidManifest.xml:107:17-79
199-->[androidx.work:work-runtime:2.9.0] AndroidManifest.xml:107:25-76
200            </intent-filter>
201        </receiver>
202        <receiver
202-->[androidx.work:work-runtime:2.9.0] AndroidManifest.xml:110:9-121:20
203            android:name="androidx.work.impl.background.systemalarm.RescheduleReceiver"
203-->[androidx.work:work-runtime:2.9.0] AndroidManifest.xml:111:13-88
204            android:directBootAware="false"
204-->[androidx.work:work-runtime:2.9.0] AndroidManifest.xml:112:13-44
205            android:enabled="false"
205-->[androidx.work:work-runtime:2.9.0] AndroidManifest.xml:113:13-36
206            android:exported="false" >
206-->[androidx.work:work-runtime:2.9.0] AndroidManifest.xml:114:13-37
207            <intent-filter>
207-->[androidx.work:work-runtime:2.9.0] AndroidManifest.xml:116:13-120:29
208                <action android:name="android.intent.action.BOOT_COMPLETED" />
208-->[androidx.work:work-runtime:2.9.0] AndroidManifest.xml:117:17-79
208-->[androidx.work:work-runtime:2.9.0] AndroidManifest.xml:117:25-76
209                <action android:name="android.intent.action.TIME_SET" />
209-->[androidx.work:work-runtime:2.9.0] AndroidManifest.xml:118:17-73
209-->[androidx.work:work-runtime:2.9.0] AndroidManifest.xml:118:25-70
210                <action android:name="android.intent.action.TIMEZONE_CHANGED" />
210-->[androidx.work:work-runtime:2.9.0] AndroidManifest.xml:119:17-81
210-->[androidx.work:work-runtime:2.9.0] AndroidManifest.xml:119:25-78
211            </intent-filter>
212        </receiver>
213        <receiver
213-->[androidx.work:work-runtime:2.9.0] AndroidManifest.xml:122:9-131:20
214            android:name="androidx.work.impl.background.systemalarm.ConstraintProxyUpdateReceiver"
214-->[androidx.work:work-runtime:2.9.0] AndroidManifest.xml:123:13-99
215            android:directBootAware="false"
215-->[androidx.work:work-runtime:2.9.0] AndroidManifest.xml:124:13-44
216            android:enabled="@bool/enable_system_alarm_service_default"
216-->[androidx.work:work-runtime:2.9.0] AndroidManifest.xml:125:13-72
217            android:exported="false" >
217-->[androidx.work:work-runtime:2.9.0] AndroidManifest.xml:126:13-37
218            <intent-filter>
218-->[androidx.work:work-runtime:2.9.0] AndroidManifest.xml:128:13-130:29
219                <action android:name="androidx.work.impl.background.systemalarm.UpdateProxies" />
219-->[androidx.work:work-runtime:2.9.0] AndroidManifest.xml:129:17-98
219-->[androidx.work:work-runtime:2.9.0] AndroidManifest.xml:129:25-95
220            </intent-filter>
221        </receiver>
222        <receiver
222-->[androidx.work:work-runtime:2.9.0] AndroidManifest.xml:132:9-142:20
223            android:name="androidx.work.impl.diagnostics.DiagnosticsReceiver"
223-->[androidx.work:work-runtime:2.9.0] AndroidManifest.xml:133:13-78
224            android:directBootAware="false"
224-->[androidx.work:work-runtime:2.9.0] AndroidManifest.xml:134:13-44
225            android:enabled="true"
225-->[androidx.work:work-runtime:2.9.0] AndroidManifest.xml:135:13-35
226            android:exported="true"
226-->[androidx.work:work-runtime:2.9.0] AndroidManifest.xml:136:13-36
227            android:permission="android.permission.DUMP" >
227-->[androidx.work:work-runtime:2.9.0] AndroidManifest.xml:137:13-57
228            <intent-filter>
228-->[androidx.work:work-runtime:2.9.0] AndroidManifest.xml:139:13-141:29
229                <action android:name="androidx.work.diagnostics.REQUEST_DIAGNOSTICS" />
229-->[androidx.work:work-runtime:2.9.0] AndroidManifest.xml:140:17-88
229-->[androidx.work:work-runtime:2.9.0] AndroidManifest.xml:140:25-85
230            </intent-filter>
231        </receiver>
232        <receiver
232-->[androidx.profileinstaller:profileinstaller:1.3.0] AndroidManifest.xml:34:9-52:20
233            android:name="androidx.profileinstaller.ProfileInstallReceiver"
233-->[androidx.profileinstaller:profileinstaller:1.3.0] AndroidManifest.xml:35:13-76
234            android:directBootAware="false"
234-->[androidx.profileinstaller:profileinstaller:1.3.0] AndroidManifest.xml:36:13-44
235            android:enabled="true"
235-->[androidx.profileinstaller:profileinstaller:1.3.0] AndroidManifest.xml:37:13-35
236            android:exported="true"
236-->[androidx.profileinstaller:profileinstaller:1.3.0] AndroidManifest.xml:38:13-36
237            android:permission="android.permission.DUMP" >
237-->[androidx.profileinstaller:profileinstaller:1.3.0] AndroidManifest.xml:39:13-57
238            <intent-filter>
238-->[androidx.profileinstaller:profileinstaller:1.3.0] AndroidManifest.xml:40:13-42:29
239                <action android:name="androidx.profileinstaller.action.INSTALL_PROFILE" />
239-->[androidx.profileinstaller:profileinstaller:1.3.0] AndroidManifest.xml:41:17-91
239-->[androidx.profileinstaller:profileinstaller:1.3.0] AndroidManifest.xml:41:25-88
240            </intent-filter>
241            <intent-filter>
241-->[androidx.profileinstaller:profileinstaller:1.3.0] AndroidManifest.xml:43:13-45:29
242                <action android:name="androidx.profileinstaller.action.SKIP_FILE" />
242-->[androidx.profileinstaller:profileinstaller:1.3.0] AndroidManifest.xml:44:17-85
242-->[androidx.profileinstaller:profileinstaller:1.3.0] AndroidManifest.xml:44:25-82
243            </intent-filter>
244            <intent-filter>
244-->[androidx.profileinstaller:profileinstaller:1.3.0] AndroidManifest.xml:46:13-48:29
245                <action android:name="androidx.profileinstaller.action.SAVE_PROFILE" />
245-->[androidx.profileinstaller:profileinstaller:1.3.0] AndroidManifest.xml:47:17-88
245-->[androidx.profileinstaller:profileinstaller:1.3.0] AndroidManifest.xml:47:25-85
246            </intent-filter>
247            <intent-filter>
247-->[androidx.profileinstaller:profileinstaller:1.3.0] AndroidManifest.xml:49:13-51:29
248                <action android:name="androidx.profileinstaller.action.BENCHMARK_OPERATION" />
248-->[androidx.profileinstaller:profileinstaller:1.3.0] AndroidManifest.xml:50:17-95
248-->[androidx.profileinstaller:profileinstaller:1.3.0] AndroidManifest.xml:50:25-92
249            </intent-filter>
250        </receiver>
251
252        <meta-data
252-->[com.google.android.gms:play-services-basement:18.3.0] AndroidManifest.xml:21:9-23:69
253            android:name="com.google.android.gms.version"
253-->[com.google.android.gms:play-services-basement:18.3.0] AndroidManifest.xml:22:13-58
254            android:value="@integer/google_play_services_version" />
254-->[com.google.android.gms:play-services-basement:18.3.0] AndroidManifest.xml:23:13-66
255    </application>
256
257</manifest>